[2026-03-30T16:53:17.752Z] Request received for: three26146@gmail.com
[2026-03-30T16:53:17.832Z] Attempting to send email to three26146@gmail.com...
[2026-03-30T16:53:23.362Z] Email result: {"success":true,"info":{"accepted":["three26146@gmail.com"],"rejected":[],"ehlo":["SIZE 35882577","8BITMIME","AUTH LOGIN PLAIN XOAUTH2 PLAIN-CLIENTTOKEN OAUTHBEARER XOAUTH","ENHANCEDSTATUSCODES","PIPELINING","CHUNKING","SMTPUTF8"],"envelopeTime":980,"messageTime":709,"messageSize":1397,"response":"250 2.0.0 OK  1774889603 d2e1a72fcca58-82ca8466e01sm7979274b3a.20 - gsmtp","envelope":{"from":"three26146@gmail.com","to":["three26146@gmail.com"]},"messageId":"<1608f6bb-1bc3-1bb9-4333-85f5204819b5@gmail.com>"}}
[2026-03-30T16:53:51.039Z] Request received for: jagralamasooma@gmail.com
[2026-03-30T16:53:51.043Z] Attempting to send email to jagralamasooma@gmail.com...
[2026-03-30T16:53:54.990Z] Email result: {"success":true,"info":{"accepted":["jagralamasooma@gmail.com"],"rejected":[],"ehlo":["SIZE 35882577","8BITMIME","AUTH LOGIN PLAIN XOAUTH2 PLAIN-CLIENTTOKEN OAUTHBEARER XOAUTH","ENHANCEDSTATUSCODES","PIPELINING","CHUNKING","SMTPUTF8"],"envelopeTime":1671,"messageTime":860,"messageSize":1375,"response":"250 2.0.0 OK  1774889634 d2e1a72fcca58-82ca843d8e5sm9662153b3a.5 - gsmtp","envelope":{"from":"three26146@gmail.com","to":["jagralamasooma@gmail.com"]},"messageId":"<cdbb1e82-3d2f-9b37-a9fc-38156386bf43@gmail.com>"}}
[2026-03-30T17:50:25.174Z] Request received for: jagralamasooma@gmail.com
[2026-03-30T17:50:25.748Z] Attempting to send email to jagralamasooma@gmail.com...
[2026-03-30T17:50:30.455Z] Email result: {"success":true,"info":{"accepted":["jagralamasooma@gmail.com"],"rejected":[],"ehlo":["SIZE 35882577","8BITMIME","AUTH LOGIN PLAIN XOAUTH2 PLAIN-CLIENTTOKEN OAUTHBEARER XOAUTH","ENHANCEDSTATUSCODES","PIPELINING","CHUNKING","SMTPUTF8"],"envelopeTime":964,"messageTime":758,"messageSize":1375,"response":"250 2.0.0 OK  1774893030 d9443c01a7336-2b2427c176fsm87674205ad.77 - gsmtp","envelope":{"from":"three26146@gmail.com","to":["jagralamasooma@gmail.com"]},"messageId":"<98a2cf27-ccf3-dd97-4470-a4aab1d58d05@gmail.com>"}}
[2026-03-30T17:59:19.272Z] Request received for: yogeshguptasycs@gmail.com
[2026-03-30T17:59:20.402Z] Attempting to send email to yogeshguptasycs@gmail.com...
[2026-03-30T17:59:23.533Z] Request received for: jagralamasooma@gmail.com
[2026-03-30T17:59:23.564Z] Attempting to send email to jagralamasooma@gmail.com...
[2026-03-30T17:59:24.951Z] Request received for: yogeshguptasycs@gmail.com
[2026-03-30T17:59:24.955Z] Attempting to send email to yogeshguptasycs@gmail.com...
[2026-03-30T17:59:32.335Z] Email result: {"success":true,"info":{"accepted":["jagralamasooma@gmail.com"],"rejected":[],"ehlo":["SIZE 35882577","8BITMIME","AUTH LOGIN PLAIN XOAUTH2 PLAIN-CLIENTTOKEN OAUTHBEARER XOAUTH","ENHANCEDSTATUSCODES","PIPELINING","CHUNKING","SMTPUTF8"],"envelopeTime":1933,"messageTime":917,"messageSize":1375,"response":"250 2.0.0 OK  1774893572 d2e1a72fcca58-82ca84646d3sm7419575b3a.15 - gsmtp","envelope":{"from":"three26146@gmail.com","to":["jagralamasooma@gmail.com"]},"messageId":"<1573894a-074c-30ed-19f7-df37b1b7b264@gmail.com>"}}
[2026-03-30T17:59:33.155Z] Email result: {"success":true,"info":{"accepted":["yogeshguptasycs@gmail.com"],"rejected":[],"ehlo":["SIZE 35882577","8BITMIME","AUTH LOGIN PLAIN XOAUTH2 PLAIN-CLIENTTOKEN OAUTHBEARER XOAUTH","ENHANCEDSTATUSCODES","PIPELINING","CHUNKING","SMTPUTF8"],"envelopeTime":2063,"messageTime":1561,"messageSize":1373,"response":"250 2.0.0 OK  1774893572 d2e1a72fcca58-82ca8465746sm8528255b3a.21 - gsmtp","envelope":{"from":"three26146@gmail.com","to":["yogeshguptasycs@gmail.com"]},"messageId":"<1e5d0703-18a7-40f6-f5c4-bfaee98430ce@gmail.com>"}}
[2026-03-30T17:59:33.593Z] Email result: {"success":true,"info":{"accepted":["yogeshguptasycs@gmail.com"],"rejected":[],"ehlo":["SIZE 35882577","8BITMIME","AUTH LOGIN PLAIN XOAUTH2 PLAIN-CLIENTTOKEN OAUTHBEARER XOAUTH","ENHANCEDSTATUSCODES","PIPELINING","CHUNKING","SMTPUTF8"],"envelopeTime":2173,"messageTime":2028,"messageSize":1373,"response":"250 2.0.0 OK  1774893573 d2e1a72fcca58-82caf3f1c20sm8521698b3a.12 - gsmtp","envelope":{"from":"three26146@gmail.com","to":["yogeshguptasycs@gmail.com"]},"messageId":"<29b6d146-0358-c521-5378-52dc251e903f@gmail.com>"}}
[2026-03-30T17:59:39.260Z] Request received for: jagralamasooma@gmail.com
[2026-03-30T17:59:39.272Z] Attempting to send email to jagralamasooma@gmail.com...
[2026-03-30T17:59:43.763Z] Email result: {"success":true,"info":{"accepted":["jagralamasooma@gmail.com"],"rejected":[],"ehlo":["SIZE 35882577","8BITMIME","AUTH LOGIN PLAIN XOAUTH2 PLAIN-CLIENTTOKEN OAUTHBEARER XOAUTH","ENHANCEDSTATUSCODES","PIPELINING","CHUNKING","SMTPUTF8"],"envelopeTime":860,"messageTime":1100,"messageSize":1375,"response":"250 2.0.0 OK  1774893583 d9443c01a7336-2b242765c6fsm106131565ad.52 - gsmtp","envelope":{"from":"three26146@gmail.com","to":["jagralamasooma@gmail.com"]},"messageId":"<43928196-cc8b-431d-25a5-186c0d0d933d@gmail.com>"}}
[2026-04-01T16:12:35.409Z] Request received for: yogeshguptasycs@gmail.com
[2026-04-01T16:12:37.357Z] Attempting to send email to yogeshguptasycs@gmail.com...
[2026-04-01T16:12:45.239Z] Email result: {"success":true,"info":{"accepted":["yogeshguptasycs@gmail.com"],"rejected":[],"ehlo":["SIZE 35882577","8BITMIME","AUTH LOGIN PLAIN XOAUTH2 PLAIN-CLIENTTOKEN OAUTHBEARER XOAUTH","ENHANCEDSTATUSCODES","PIPELINING","CHUNKING","SMTPUTF8"],"envelopeTime":1469,"messageTime":720,"messageSize":1373,"response":"250 2.0.0 OK  1775059965 98e67ed59e1d1-35dbe977031sm5421576a91.17 - gsmtp","envelope":{"from":"three26146@gmail.com","to":["yogeshguptasycs@gmail.com"]},"messageId":"<45a604df-a872-9b0f-8f85-ecbf67b1f07a@gmail.com>"}}
[2026-04-01T16:12:50.598Z] Request received for: jagralamasooma@gmail.com
[2026-04-01T16:12:50.601Z] Attempting to send email to jagralamasooma@gmail.com...
[2026-04-01T16:12:56.514Z] Email result: {"success":true,"info":{"accepted":["jagralamasooma@gmail.com"],"rejected":[],"ehlo":["SIZE 35882577","8BITMIME","AUTH LOGIN PLAIN XOAUTH2 PLAIN-CLIENTTOKEN OAUTHBEARER XOAUTH","ENHANCEDSTATUSCODES","PIPELINING","CHUNKING","SMTPUTF8"],"envelopeTime":1142,"messageTime":666,"messageSize":1375,"response":"250 2.0.0 OK  1775059976 41be03b00d2f7-c76c6492097sm328104a12.10 - gsmtp","envelope":{"from":"three26146@gmail.com","to":["jagralamasooma@gmail.com"]},"messageId":"<4b76409a-eabc-a6cc-bd72-a8d7addc91e4@gmail.com>"}}
